================================================================
IaR Monte Carlo  |  area=NO1  MTUs=138  scenarios=10,000  confidence=95%
forecast vintage : 2026-06-11T11:21:56.462898+00:00   (LIVE Optimeering spread)
DAM spot price   : LIVE (Optimeering DAM cleared price, internal SDK)
portfolio        : REAL - 'NO1 Wind' loaded via client CSV path (windsim)
imbalance model  : normal, sigma=10% of capacity
================================================================
GROSS  | IaR =       +4,186 EUR   CIaR =       +5,189 EUR   mean =         +210 EUR
SPREAD | IaR =         +778 EUR   CIaR =         +984 EUR   mean =           +2 EUR
================================================================
IaR = worst-case settlement cost at the confidence level (positive = cost).
CIaR = average cost in the worst (1 - confidence) tail.
NOTE: spread + DAM spot LIVE; positions/generation REAL (windsim) when loaded; only the imbalance sigma remains a parametric stub (calibrated in Week 3).
================================================================
[stored] SimulationRun #14 (portfolio #1) + 2 IaRResult rows -> C:\Users\sebastian.lopez\OneDrive - Volue AS\Documents\Code\IAR MVP\data\iar.db
[alerts] no limit breaches
================================================================
Realised cost (3.1) | area=NO1 portfolio='NO1 Wind' (#1)
stored: DAMPrice=192 rows, ActualImbalancePrice=189 rows -> C:\Users\sebastian.lopez\OneDrive - Volue AS\Documents\Code\IAR MVP\data\iar.db
================================================================
settled MTUs : 189  (2026-06-09 11:45 .. 2026-06-11 10:45 UTC)
Realised GROSS  cost :       -1,588 EUR
Realised SPREAD cost :          +93 EUR
================================================================
Per-MTU head (positive = cost):
                timestamp  imbalance_mwh  actual_imbalance_price  gross_cost  spread_cost
2026-06-09 11:45:00+00:00         0.2296                   32.67    7.501032    -0.117096
2026-06-09 12:00:00+00:00         0.2229                   36.28    8.086812    -1.435476
2026-06-09 12:15:00+00:00         0.2985                   33.21    9.913185    -0.134325
2026-06-09 12:30:00+00:00         0.3783                   29.69   11.231727    -0.139971
2026-06-09 12:45:00+00:00         0.3448                   25.00    8.620000    -1.810200
2026-06-09 13:00:00+00:00         0.2209                   22.00    4.859800    -1.186233
2026-06-09 13:15:00+00:00         0.2005                   24.00    4.812000    -1.445605
2026-06-09 13:30:00+00:00         0.3194                   32.60   10.412440    -0.031940
================================================================
Sign convention: imbalance = DAM position - actual delivery; positive cost = bad. Feeds the 3.3 backtest (iar.risk.backtest.run_backtest).
================================================================
IaR Monte Carlo  |  area=NO2  MTUs=138  scenarios=10,000  confidence=95%
forecast vintage : 2026-06-11T11:22:51.953240+00:00   (LIVE Optimeering spread)
DAM spot price   : LIVE (Optimeering DAM cleared price, internal SDK)
portfolio        : REAL - 'NO2 Wind' loaded via client CSV path (windsim)
imbalance model  : normal, sigma=10% of capacity
================================================================
GROSS  | IaR =       +4,596 EUR   CIaR =       +5,690 EUR   mean =         +190 EUR
SPREAD | IaR =         +848 EUR   CIaR =       +1,082 EUR   mean =          -57 EUR
================================================================
IaR = worst-case settlement cost at the confidence level (positive = cost).
CIaR = average cost in the worst (1 - confidence) tail.
NOTE: spread + DAM spot LIVE; positions/generation REAL (windsim) when loaded; only the imbalance sigma remains a parametric stub (calibrated in Week 3).
================================================================
[stored] SimulationRun #16 (portfolio #2) + 2 IaRResult rows -> C:\Users\sebastian.lopez\OneDrive - Volue AS\Documents\Code\IAR MVP\data\iar.db
[alerts] no limit breaches
================================================================
Realised cost (3.1) | area=NO2 portfolio='NO2 Wind' (#2)
stored: DAMPrice=192 rows, ActualImbalancePrice=189 rows -> C:\Users\sebastian.lopez\OneDrive - Volue AS\Documents\Code\IAR MVP\data\iar.db
================================================================
settled MTUs : 189  (2026-06-09 11:45 .. 2026-06-11 10:45 UTC)
Realised GROSS  cost :       -1,901 EUR
Realised SPREAD cost :          -19 EUR
================================================================
Per-MTU head (positive = cost):
                timestamp  imbalance_mwh  actual_imbalance_price  gross_cost  spread_cost
2026-06-09 11:45:00+00:00         0.2296                   32.67    7.501032    -0.174496
2026-06-09 12:00:00+00:00         0.2229                   36.28    8.086812    -1.515720
2026-06-09 12:15:00+00:00         0.2985                   33.21    9.913185    -0.208950
2026-06-09 12:30:00+00:00         0.3783                   29.69   11.231727    -0.219414
2026-06-09 12:45:00+00:00         0.3448                   25.00    8.620000    -1.886056
2026-06-09 13:00:00+00:00         0.2209                   22.00    4.859800    -1.186233
2026-06-09 13:15:00+00:00         0.2005                   24.00    4.812000    -1.483700
2026-06-09 13:30:00+00:00         0.3194                   32.60   10.412440    -0.111790
================================================================
Sign convention: imbalance = DAM position - actual delivery; positive cost = bad. Feeds the 3.3 backtest (iar.risk.backtest.run_backtest).
================================================================
IaR Monte Carlo  |  area=SE3  MTUs=138  scenarios=10,000  confidence=95%
forecast vintage : 2026-06-11T11:24:12.164519+00:00   (LIVE Optimeering spread)
DAM spot price   : LIVE (Optimeering DAM cleared price, internal SDK)
portfolio        : REAL - 'SE3 Wind' loaded via client CSV path (windsim)
imbalance model  : normal, sigma=10% of capacity
================================================================
GROSS  | IaR =       +4,533 EUR   CIaR =       +5,831 EUR   mean =         -497 EUR
SPREAD | IaR =       +2,934 EUR   CIaR =       +3,815 EUR   mean =         -198 EUR
================================================================
IaR = worst-case settlement cost at the confidence level (positive = cost).
CIaR = average cost in the worst (1 - confidence) tail.
NOTE: spread + DAM spot LIVE; positions/generation REAL (windsim) when loaded; only the imbalance sigma remains a parametric stub (calibrated in Week 3).
================================================================
[stored] SimulationRun #18 (portfolio #3) + 2 IaRResult rows -> C:\Users\sebastian.lopez\OneDrive - Volue AS\Documents\Code\IAR MVP\data\iar.db
[alerts] no limit breaches
================================================================
Realised cost (3.1) | area=SE3 portfolio='SE3 Wind' (#3)
stored: DAMPrice=192 rows, ActualImbalancePrice=189 rows -> C:\Users\sebastian.lopez\OneDrive - Volue AS\Documents\Code\IAR MVP\data\iar.db
================================================================
settled MTUs : 189  (2026-06-09 11:45 .. 2026-06-11 10:45 UTC)
Realised GROSS  cost :         -564 EUR
Realised SPREAD cost :         +569 EUR
================================================================
Per-MTU head (positive = cost):
                timestamp  imbalance_mwh  actual_imbalance_price  gross_cost  spread_cost
2026-06-09 11:45:00+00:00         0.2296                    8.00    1.836800    -6.222160
2026-06-09 12:00:00+00:00         0.2229                   36.28    8.086812    -2.064054
2026-06-09 12:15:00+00:00         0.2985                   48.69   14.533965     3.898410
2026-06-09 12:30:00+00:00         0.3783                   40.54   15.336282     3.344172
2026-06-09 12:45:00+00:00         0.3448                   25.00    8.620000    -2.382568
2026-06-09 13:00:00+00:00         0.2209                   22.00    4.859800    -1.186233
2026-06-09 13:15:00+00:00         0.2005                   24.00    4.812000    -1.746355
2026-06-09 13:30:00+00:00         0.3194                   59.10   18.876540     7.806136
================================================================
Sign convention: imbalance = DAM position - actual delivery; positive cost = bad. Feeds the 3.3 backtest (iar.risk.backtest.run_backtest).
================================================================
IaR backtest (3.3) | area=NO1 portfolio='NO1 Wind' (#1)
================================================================
----------------------------------------------------------------
basis: GROSS  (confidence n/a)
  no settled periods to compare yet — load realised prices (load_actuals.py) and backfill estimates (backfill_iar.py).
----------------------------------------------------------------
basis: SPREAD  (confidence n/a)
  no settled periods to compare yet — load realised prices (load_actuals.py) and backfill estimates (backfill_iar.py).
================================================================
stored -> C:\Users\sebastian.lopez\OneDrive - Volue AS\Documents\Code\IAR MVP\data\iar.db  (read back via iar.risk.backtest.load_performance_records)
note: with --basis both, only GROSS records were persisted (HistoricalPerformanceRecord has no basis column).
================================================================
IaR backtest (3.3) | area=NO2 portfolio='NO2 Wind' (#2)
================================================================
----------------------------------------------------------------
basis: GROSS  (confidence 95%)
    period iar_estimate realised_cost exceeded
2026-06-09        5,902           711   within
2026-06-10        3,281          -859   within
2026-06-11        1,154        -1,753   within
----------------------------------------------------------------
exceedances    : 0 / 3  (observed 0%, expected ~5%)
Kupiec POF     : LR=0.308  p-value=0.579  ->  CALIBRATED (alpha=5%)
records        : persisted
----------------------------------------------------------------
basis: SPREAD  (confidence 95%)
    period iar_estimate realised_cost exceeded
2026-06-09          697          -112   within
2026-06-10          934           122   within
2026-06-11          594           -29   within
----------------------------------------------------------------
exceedances    : 0 / 3  (observed 0%, expected ~5%)
Kupiec POF     : LR=0.308  p-value=0.579  ->  CALIBRATED (alpha=5%)
records        : NOT persisted (only the first basis persists with --basis both)
================================================================
stored -> C:\Users\sebastian.lopez\OneDrive - Volue AS\Documents\Code\IAR MVP\data\iar.db  (read back via iar.risk.backtest.load_performance_records)
note: with --basis both, only GROSS records were persisted (HistoricalPerformanceRecord has no basis column).
================================================================
IaR backtest (3.3) | area=SE3 portfolio='SE3 Wind' (#3)
================================================================
----------------------------------------------------------------
basis: GROSS  (confidence 95%)
    period iar_estimate realised_cost exceeded
2026-06-09        6,397         1,097   within
2026-06-10        3,880          -264   within
2026-06-11        1,665        -1,397   within
----------------------------------------------------------------
exceedances    : 0 / 3  (observed 0%, expected ~5%)
Kupiec POF     : LR=0.308  p-value=0.579  ->  CALIBRATED (alpha=5%)
records        : persisted
----------------------------------------------------------------
basis: SPREAD  (confidence 95%)
    period iar_estimate realised_cost exceeded
2026-06-09        2,156           363   within
2026-06-10        3,033           301   within
2026-06-11        2,002           -94   within
----------------------------------------------------------------
exceedances    : 0 / 3  (observed 0%, expected ~5%)
Kupiec POF     : LR=0.308  p-value=0.579  ->  CALIBRATED (alpha=5%)
records        : NOT persisted (only the first basis persists with --basis both)
================================================================
stored -> C:\Users\sebastian.lopez\OneDrive - Volue AS\Documents\Code\IAR MVP\data\iar.db  (read back via iar.risk.backtest.load_performance_records)
note: with --basis both, only GROSS records were persisted (HistoricalPerformanceRecord has no basis column).
[refresh] 2026-06-11T11:30:03.528503+00:00  mode=fast  areas=['NO1', 'NO2', 'SE3']
--- NO1: live IaR ---
--- NO1: realised prices ---
--- NO2: live IaR ---
--- NO2: realised prices ---
--- SE3: live IaR ---
--- SE3: realised prices ---
--- NO1: backtest ---
--- NO2: backtest ---
--- SE3: backtest ---
[refresh] done in 125s; pruned 0 stale live run(s).
================================================================
IaR Monte Carlo  |  area=NO1  MTUs=137  scenarios=10,000  confidence=95%
forecast vintage : 2026-06-11T11:36:54.035690+00:00   (LIVE Optimeering spread)
DAM spot price   : LIVE (Optimeering DAM cleared price, internal SDK)
portfolio        : REAL - 'NO1 Wind' loaded via client CSV path (windsim)
imbalance model  : normal, sigma=10% of capacity
================================================================
GROSS  | IaR =       +4,221 EUR   CIaR =       +5,183 EUR   mean =         +222 EUR
SPREAD | IaR =         +771 EUR   CIaR =         +982 EUR   mean =           +2 EUR
================================================================
IaR = worst-case settlement cost at the confidence level (positive = cost).
CIaR = average cost in the worst (1 - confidence) tail.
NOTE: spread + DAM spot LIVE; positions/generation REAL (windsim) when loaded; only the imbalance sigma remains a parametric stub (calibrated in Week 3).
================================================================
[stored] SimulationRun #19 (portfolio #1) + 2 IaRResult rows -> C:\Users\sebastian.lopez\OneDrive - Volue AS\Documents\Code\IAR MVP\data\iar.db
[alerts] no limit breaches
================================================================
Realised cost (3.1) | area=NO1 portfolio='NO1 Wind' (#1)
stored: DAMPrice=192 rows, ActualImbalancePrice=189 rows -> C:\Users\sebastian.lopez\OneDrive - Volue AS\Documents\Code\IAR MVP\data\iar.db
================================================================
settled MTUs : 189  (2026-06-09 12:00 .. 2026-06-11 11:00 UTC)
Realised GROSS  cost :       -1,616 EUR
Realised SPREAD cost :          +96 EUR
================================================================
Per-MTU head (positive = cost):
                timestamp  imbalance_mwh  actual_imbalance_price  gross_cost  spread_cost
2026-06-09 12:00:00+00:00         0.2229                   36.28    8.086812    -1.435476
2026-06-09 12:15:00+00:00         0.2985                   33.21    9.913185    -0.134325
2026-06-09 12:30:00+00:00         0.3783                   29.69   11.231727    -0.139971
2026-06-09 12:45:00+00:00         0.3448                   25.00    8.620000    -1.810200
2026-06-09 13:00:00+00:00         0.2209                   22.00    4.859800    -1.186233
2026-06-09 13:15:00+00:00         0.2005                   24.00    4.812000    -1.445605
2026-06-09 13:30:00+00:00         0.3194                   32.60   10.412440    -0.031940
2026-06-09 13:45:00+00:00         0.4058                   47.92   19.445936     0.000000
================================================================
Sign convention: imbalance = DAM position - actual delivery; positive cost = bad. Feeds the 3.3 backtest (iar.risk.backtest.run_backtest).
================================================================
IaR Monte Carlo  |  area=NO2  MTUs=137  scenarios=10,000  confidence=95%
forecast vintage : 2026-06-11T11:37:30.909508+00:00   (LIVE Optimeering spread)
DAM spot price   : LIVE (Optimeering DAM cleared price, internal SDK)
portfolio        : REAL - 'NO2 Wind' loaded via client CSV path (windsim)
imbalance model  : normal, sigma=10% of capacity
================================================================
GROSS  | IaR =       +4,628 EUR   CIaR =       +5,693 EUR   mean =         +203 EUR
SPREAD | IaR =         +819 EUR   CIaR =       +1,065 EUR   mean =          -57 EUR
================================================================
IaR = worst-case settlement cost at the confidence level (positive = cost).
CIaR = average cost in the worst (1 - confidence) tail.
NOTE: spread + DAM spot LIVE; positions/generation REAL (windsim) when loaded; only the imbalance sigma remains a parametric stub (calibrated in Week 3).
================================================================
[stored] SimulationRun #20 (portfolio #2) + 2 IaRResult rows -> C:\Users\sebastian.lopez\OneDrive - Volue AS\Documents\Code\IAR MVP\data\iar.db
[alerts] no limit breaches
================================================================
Realised cost (3.1) | area=NO2 portfolio='NO2 Wind' (#2)
stored: DAMPrice=192 rows, ActualImbalancePrice=189 rows -> C:\Users\sebastian.lopez\OneDrive - Volue AS\Documents\Code\IAR MVP\data\iar.db
================================================================
settled MTUs : 189  (2026-06-09 12:00 .. 2026-06-11 11:00 UTC)
Realised GROSS  cost :       -1,941 EUR
Realised SPREAD cost :          -29 EUR
================================================================
Per-MTU head (positive = cost):
                timestamp  imbalance_mwh  actual_imbalance_price  gross_cost  spread_cost
2026-06-09 12:00:00+00:00         0.2229                   36.28    8.086812    -1.515720
2026-06-09 12:15:00+00:00         0.2985                   33.21    9.913185    -0.208950
2026-06-09 12:30:00+00:00         0.3783                   29.69   11.231727    -0.219414
2026-06-09 12:45:00+00:00         0.3448                   25.00    8.620000    -1.886056
2026-06-09 13:00:00+00:00         0.2209                   22.00    4.859800    -1.186233
2026-06-09 13:15:00+00:00         0.2005                   24.00    4.812000    -1.483700
2026-06-09 13:30:00+00:00         0.3194                   32.60   10.412440    -0.111790
2026-06-09 13:45:00+00:00         0.4058                   48.31   19.604198    -0.016232
================================================================
Sign convention: imbalance = DAM position - actual delivery; positive cost = bad. Feeds the 3.3 backtest (iar.risk.backtest.run_backtest).
================================================================
IaR Monte Carlo  |  area=SE3  MTUs=137  scenarios=10,000  confidence=95%
forecast vintage : 2026-06-11T11:39:34.279537+00:00   (LIVE Optimeering spread)
DAM spot price   : LIVE (Optimeering DAM cleared price, internal SDK)
portfolio        : REAL - 'SE3 Wind' loaded via client CSV path (windsim)
imbalance model  : normal, sigma=10% of capacity
================================================================
GROSS  | IaR =       +4,473 EUR   CIaR =       +5,778 EUR   mean =         -479 EUR
SPREAD | IaR =       +2,890 EUR   CIaR =       +3,810 EUR   mean =         -188 EUR
================================================================
IaR = worst-case settlement cost at the confidence level (positive = cost).
CIaR = average cost in the worst (1 - confidence) tail.
NOTE: spread + DAM spot LIVE; positions/generation REAL (windsim) when loaded; only the imbalance sigma remains a parametric stub (calibrated in Week 3).
================================================================
[stored] SimulationRun #21 (portfolio #3) + 2 IaRResult rows -> C:\Users\sebastian.lopez\OneDrive - Volue AS\Documents\Code\IAR MVP\data\iar.db
[alerts] no limit breaches
================================================================
Realised cost (3.1) | area=SE3 portfolio='SE3 Wind' (#3)
stored: DAMPrice=192 rows, ActualImbalancePrice=189 rows -> C:\Users\sebastian.lopez\OneDrive - Volue AS\Documents\Code\IAR MVP\data\iar.db
================================================================
settled MTUs : 189  (2026-06-09 12:00 .. 2026-06-11 11:00 UTC)
Realised GROSS  cost :         -598 EUR
Realised SPREAD cost :         +567 EUR
================================================================
Per-MTU head (positive = cost):
                timestamp  imbalance_mwh  actual_imbalance_price  gross_cost  spread_cost
2026-06-09 12:00:00+00:00         0.2229                   36.28    8.086812    -2.064054
2026-06-09 12:15:00+00:00         0.2985                   48.69   14.533965     3.898410
2026-06-09 12:30:00+00:00         0.3783                   40.54   15.336282     3.344172
2026-06-09 12:45:00+00:00         0.3448                   25.00    8.620000    -2.382568
2026-06-09 13:00:00+00:00         0.2209                   22.00    4.859800    -1.186233
2026-06-09 13:15:00+00:00         0.2005                   24.00    4.812000    -1.746355
2026-06-09 13:30:00+00:00         0.3194                   59.10   18.876540     7.806136
2026-06-09 13:45:00+00:00         0.4058                   78.90   32.017620    11.171674
================================================================
Sign convention: imbalance = DAM position - actual delivery; positive cost = bad. Feeds the 3.3 backtest (iar.risk.backtest.run_backtest).
================================================================
IaR backtest (3.3) | area=NO1 portfolio='NO1 Wind' (#1)
================================================================
----------------------------------------------------------------
basis: GROSS  (confidence n/a)
  no settled periods to compare yet — load realised prices (load_actuals.py) and backfill estimates (backfill_iar.py).
----------------------------------------------------------------
basis: SPREAD  (confidence n/a)
  no settled periods to compare yet — load realised prices (load_actuals.py) and backfill estimates (backfill_iar.py).
================================================================
stored -> C:\Users\sebastian.lopez\OneDrive - Volue AS\Documents\Code\IAR MVP\data\iar.db  (read back via iar.risk.backtest.load_performance_records)
note: with --basis both, only GROSS records were persisted (HistoricalPerformanceRecord has no basis column).
================================================================
IaR backtest (3.3) | area=NO2 portfolio='NO2 Wind' (#2)
================================================================
----------------------------------------------------------------
basis: GROSS  (confidence 95%)
    period iar_estimate realised_cost exceeded
2026-06-09        5,902           703   within
2026-06-10        3,281          -859   within
2026-06-11        1,154        -1,786   within
----------------------------------------------------------------
exceedances    : 0 / 3  (observed 0%, expected ~5%)
Kupiec POF     : LR=0.308  p-value=0.579  ->  CALIBRATED (alpha=5%)
records        : persisted
----------------------------------------------------------------
basis: SPREAD  (confidence 95%)
    period iar_estimate realised_cost exceeded
2026-06-09          697          -112   within
2026-06-10          934           122   within
2026-06-11          594           -39   within
----------------------------------------------------------------
exceedances    : 0 / 3  (observed 0%, expected ~5%)
Kupiec POF     : LR=0.308  p-value=0.579  ->  CALIBRATED (alpha=5%)
records        : NOT persisted (only the first basis persists with --basis both)
================================================================
stored -> C:\Users\sebastian.lopez\OneDrive - Volue AS\Documents\Code\IAR MVP\data\iar.db  (read back via iar.risk.backtest.load_performance_records)
note: with --basis both, only GROSS records were persisted (HistoricalPerformanceRecord has no basis column).
================================================================
IaR backtest (3.3) | area=SE3 portfolio='SE3 Wind' (#3)
================================================================
----------------------------------------------------------------
basis: GROSS  (confidence 95%)
    period iar_estimate realised_cost exceeded
2026-06-09        6,397         1,095   within
2026-06-10        3,880          -264   within
2026-06-11        1,665        -1,430   within
----------------------------------------------------------------
exceedances    : 0 / 3  (observed 0%, expected ~5%)
Kupiec POF     : LR=0.308  p-value=0.579  ->  CALIBRATED (alpha=5%)
records        : persisted
----------------------------------------------------------------
basis: SPREAD  (confidence 95%)
    period iar_estimate realised_cost exceeded
2026-06-09        2,156           369   within
2026-06-10        3,033           301   within
2026-06-11        2,002          -102   within
----------------------------------------------------------------
exceedances    : 0 / 3  (observed 0%, expected ~5%)
Kupiec POF     : LR=0.308  p-value=0.579  ->  CALIBRATED (alpha=5%)
records        : NOT persisted (only the first basis persists with --basis both)
================================================================
stored -> C:\Users\sebastian.lopez\OneDrive - Volue AS\Documents\Code\IAR MVP\data\iar.db  (read back via iar.risk.backtest.load_performance_records)
note: with --basis both, only GROSS records were persisted (HistoricalPerformanceRecord has no basis column).
[refresh] 2026-06-11T11:45:06.186952+00:00  mode=fast  areas=['NO1', 'NO2', 'SE3']
--- NO1: live IaR ---
--- NO1: realised prices ---
--- NO2: live IaR ---
--- NO2: realised prices ---
--- SE3: live IaR ---
--- SE3: realised prices ---
--- NO1: backtest ---
--- NO2: backtest ---
--- SE3: backtest ---
[refresh] done in 84s; pruned 3 stale live run(s).
================================================================
IaR Monte Carlo  |  area=NO1  MTUs=136  scenarios=10,000  confidence=95%
forecast vintage : 2026-06-11T11:51:45.287151+00:00   (LIVE Optimeering spread)
DAM spot price   : LIVE (Optimeering DAM cleared price, internal SDK)
portfolio        : REAL - 'NO1 Wind' loaded via client CSV path (windsim)
imbalance model  : normal, sigma=10% of capacity
================================================================
GROSS  | IaR =       +4,254 EUR   CIaR =       +5,273 EUR   mean =         +229 EUR
SPREAD | IaR =         +764 EUR   CIaR =         +980 EUR   mean =          -12 EUR
================================================================
IaR = worst-case settlement cost at the confidence level (positive = cost).
CIaR = average cost in the worst (1 - confidence) tail.
NOTE: spread + DAM spot LIVE; positions/generation REAL (windsim) when loaded; only the imbalance sigma remains a parametric stub (calibrated in Week 3).
================================================================
[stored] SimulationRun #22 (portfolio #1) + 2 IaRResult rows -> C:\Users\sebastian.lopez\OneDrive - Volue AS\Documents\Code\IAR MVP\data\iar.db
[alerts] no limit breaches
================================================================
Realised cost (3.1) | area=NO1 portfolio='NO1 Wind' (#1)
stored: DAMPrice=192 rows, ActualImbalancePrice=189 rows -> C:\Users\sebastian.lopez\OneDrive - Volue AS\Documents\Code\IAR MVP\data\iar.db
================================================================
settled MTUs : 189  (2026-06-09 12:15 .. 2026-06-11 11:15 UTC)
Realised GROSS  cost :       -1,652 EUR
Realised SPREAD cost :          +98 EUR
================================================================
Per-MTU head (positive = cost):
                timestamp  imbalance_mwh  actual_imbalance_price  gross_cost  spread_cost
2026-06-09 12:15:00+00:00         0.2985                   33.21    9.913185    -0.134325
2026-06-09 12:30:00+00:00         0.3783                   29.69   11.231727    -0.139971
2026-06-09 12:45:00+00:00         0.3448                   25.00    8.620000    -1.810200
2026-06-09 13:00:00+00:00         0.2209                   22.00    4.859800    -1.186233
2026-06-09 13:15:00+00:00         0.2005                   24.00    4.812000    -1.445605
2026-06-09 13:30:00+00:00         0.3194                   32.60   10.412440    -0.031940
2026-06-09 13:45:00+00:00         0.4058                   47.92   19.445936     0.000000
2026-06-09 14:00:00+00:00         0.3708                   22.10    8.194680    -0.011124
================================================================
Sign convention: imbalance = DAM position - actual delivery; positive cost = bad. Feeds the 3.3 backtest (iar.risk.backtest.run_backtest).
================================================================
IaR Monte Carlo  |  area=NO2  MTUs=136  scenarios=10,000  confidence=95%
forecast vintage : 2026-06-11T11:53:12.002929+00:00   (LIVE Optimeering spread)
DAM spot price   : LIVE (Optimeering DAM cleared price, internal SDK)
portfolio        : REAL - 'NO2 Wind' loaded via client CSV path (windsim)
imbalance model  : normal, sigma=10% of capacity
================================================================
GROSS  | IaR =       +4,714 EUR   CIaR =       +5,826 EUR   mean =         +229 EUR
SPREAD | IaR =         +830 EUR   CIaR =       +1,067 EUR   mean =          -52 EUR
================================================================
IaR = worst-case settlement cost at the confidence level (positive = cost).
CIaR = average cost in the worst (1 - confidence) tail.
NOTE: spread + DAM spot LIVE; positions/generation REAL (windsim) when loaded; only the imbalance sigma remains a parametric stub (calibrated in Week 3).
================================================================
[stored] SimulationRun #23 (portfolio #2) + 2 IaRResult rows -> C:\Users\sebastian.lopez\OneDrive - Volue AS\Documents\Code\IAR MVP\data\iar.db
[alerts] no limit breaches
================================================================
Realised cost (3.1) | area=NO2 portfolio='NO2 Wind' (#2)
stored: DAMPrice=192 rows, ActualImbalancePrice=189 rows -> C:\Users\sebastian.lopez\OneDrive - Volue AS\Documents\Code\IAR MVP\data\iar.db
================================================================
settled MTUs : 189  (2026-06-09 12:15 .. 2026-06-11 11:15 UTC)
Realised GROSS  cost :       -1,983 EUR
Realised SPREAD cost :          -32 EUR
================================================================
Per-MTU head (positive = cost):
                timestamp  imbalance_mwh  actual_imbalance_price  gross_cost  spread_cost
2026-06-09 12:15:00+00:00         0.2985                   33.21    9.913185    -0.208950
2026-06-09 12:30:00+00:00         0.3783                   29.69   11.231727    -0.219414
2026-06-09 12:45:00+00:00         0.3448                   25.00    8.620000    -1.886056
2026-06-09 13:00:00+00:00         0.2209                   22.00    4.859800    -1.186233
2026-06-09 13:15:00+00:00         0.2005                   24.00    4.812000    -1.483700
2026-06-09 13:30:00+00:00         0.3194                   32.60   10.412440    -0.111790
2026-06-09 13:45:00+00:00         0.4058                   48.31   19.604198    -0.016232
2026-06-09 14:00:00+00:00         0.3708                   22.10    8.194680    -0.022248
================================================================
Sign convention: imbalance = DAM position - actual delivery; positive cost = bad. Feeds the 3.3 backtest (iar.risk.backtest.run_backtest).
================================================================
IaR Monte Carlo  |  area=SE3  MTUs=136  scenarios=10,000  confidence=95%
forecast vintage : 2026-06-11T11:52:54.770571+00:00   (LIVE Optimeering spread)
DAM spot price   : LIVE (Optimeering DAM cleared price, internal SDK)
portfolio        : REAL - 'SE3 Wind' loaded via client CSV path (windsim)
imbalance model  : normal, sigma=10% of capacity
================================================================
GROSS  | IaR =       +4,479 EUR   CIaR =       +5,850 EUR   mean =         -438 EUR
SPREAD | IaR =       +2,946 EUR   CIaR =       +3,817 EUR   mean =         -179 EUR
================================================================
IaR = worst-case settlement cost at the confidence level (positive = cost).
CIaR = average cost in the worst (1 - confidence) tail.
NOTE: spread + DAM spot LIVE; positions/generation REAL (windsim) when loaded; only the imbalance sigma remains a parametric stub (calibrated in Week 3).
================================================================
[stored] SimulationRun #24 (portfolio #3) + 2 IaRResult rows -> C:\Users\sebastian.lopez\OneDrive - Volue AS\Documents\Code\IAR MVP\data\iar.db
[alerts] no limit breaches
================================================================
Realised cost (3.1) | area=SE3 portfolio='SE3 Wind' (#3)
stored: DAMPrice=192 rows, ActualImbalancePrice=189 rows -> C:\Users\sebastian.lopez\OneDrive - Volue AS\Documents\Code\IAR MVP\data\iar.db
================================================================
settled MTUs : 189  (2026-06-09 12:15 .. 2026-06-11 11:15 UTC)
Realised GROSS  cost :         -640 EUR
Realised SPREAD cost :         +567 EUR
================================================================
Per-MTU head (positive = cost):
                timestamp  imbalance_mwh  actual_imbalance_price  gross_cost  spread_cost
2026-06-09 12:15:00+00:00         0.2985                   48.69   14.533965     3.898410
2026-06-09 12:30:00+00:00         0.3783                   40.54   15.336282     3.344172
2026-06-09 12:45:00+00:00         0.3448                   25.00    8.620000    -2.382568
2026-06-09 13:00:00+00:00         0.2209                   22.00    4.859800    -1.186233
2026-06-09 13:15:00+00:00         0.2005                   24.00    4.812000    -1.746355
2026-06-09 13:30:00+00:00         0.3194                   59.10   18.876540     7.806136
2026-06-09 13:45:00+00:00         0.4058                   78.90   32.017620    11.171674
2026-06-09 14:00:00+00:00         0.3708                   22.10    8.194680    -0.144612
================================================================
Sign convention: imbalance = DAM position - actual delivery; positive cost = bad. Feeds the 3.3 backtest (iar.risk.backtest.run_backtest).
================================================================
IaR backtest (3.3) | area=NO1 portfolio='NO1 Wind' (#1)
================================================================
----------------------------------------------------------------
basis: GROSS  (confidence n/a)
  no settled periods to compare yet — load realised prices (load_actuals.py) and backfill estimates (backfill_iar.py).
----------------------------------------------------------------
basis: SPREAD  (confidence n/a)
  no settled periods to compare yet — load realised prices (load_actuals.py) and backfill estimates (backfill_iar.py).
================================================================
stored -> C:\Users\sebastian.lopez\OneDrive - Volue AS\Documents\Code\IAR MVP\data\iar.db  (read back via iar.risk.backtest.load_performance_records)
note: with --basis both, only GROSS records were persisted (HistoricalPerformanceRecord has no basis column).
================================================================
IaR backtest (3.3) | area=NO2 portfolio='NO2 Wind' (#2)
================================================================
----------------------------------------------------------------
basis: GROSS  (confidence 95%)
    period iar_estimate realised_cost exceeded
2026-06-09        5,902           695   within
2026-06-10        3,281          -859   within
2026-06-11        1,154        -1,819   within
----------------------------------------------------------------
exceedances    : 0 / 3  (observed 0%, expected ~5%)
Kupiec POF     : LR=0.308  p-value=0.579  ->  CALIBRATED (alpha=5%)
records        : persisted
----------------------------------------------------------------
basis: SPREAD  (confidence 95%)
    period iar_estimate realised_cost exceeded
2026-06-09          697          -110   within
2026-06-10          934           122   within
2026-06-11          594           -44   within
----------------------------------------------------------------
exceedances    : 0 / 3  (observed 0%, expected ~5%)
Kupiec POF     : LR=0.308  p-value=0.579  ->  CALIBRATED (alpha=5%)
records        : NOT persisted (only the first basis persists with --basis both)
================================================================
stored -> C:\Users\sebastian.lopez\OneDrive - Volue AS\Documents\Code\IAR MVP\data\iar.db  (read back via iar.risk.backtest.load_performance_records)
note: with --basis both, only GROSS records were persisted (HistoricalPerformanceRecord has no basis column).
================================================================
IaR backtest (3.3) | area=SE3 portfolio='SE3 Wind' (#3)
================================================================
----------------------------------------------------------------
basis: GROSS  (confidence 95%)
    period iar_estimate realised_cost exceeded
2026-06-09        6,397         1,087   within
2026-06-10        3,880          -264   within
2026-06-11        1,665        -1,463   within
----------------------------------------------------------------
exceedances    : 0 / 3  (observed 0%, expected ~5%)
Kupiec POF     : LR=0.308  p-value=0.579  ->  CALIBRATED (alpha=5%)
records        : persisted
----------------------------------------------------------------
basis: SPREAD  (confidence 95%)
    period iar_estimate realised_cost exceeded
2026-06-09        2,156           371   within
2026-06-10        3,033           301   within
2026-06-11        2,002          -105   within
----------------------------------------------------------------
exceedances    : 0 / 3  (observed 0%, expected ~5%)
Kupiec POF     : LR=0.308  p-value=0.579  ->  CALIBRATED (alpha=5%)
records        : NOT persisted (only the first basis persists with --basis both)
================================================================
stored -> C:\Users\sebastian.lopez\OneDrive - Volue AS\Documents\Code\IAR MVP\data\iar.db  (read back via iar.risk.backtest.load_performance_records)
note: with --basis both, only GROSS records were persisted (HistoricalPerformanceRecord has no basis column).
[refresh] 2026-06-11T12:00:02.551226+00:00  mode=fast  areas=['NO1', 'NO2', 'SE3']
--- NO1: live IaR ---
--- NO1: realised prices ---
--- NO2: live IaR ---
--- NO2: realised prices ---
--- SE3: live IaR ---
--- SE3: realised prices ---
--- NO1: backtest ---
--- NO2: backtest ---
--- SE3: backtest ---
[refresh] done in 65s; pruned 3 stale live run(s).
================================================================
IaR Monte Carlo  |  area=NO1  MTUs=135  scenarios=10,000  confidence=95%
forecast vintage : 2026-06-11T12:08:05.734433+00:00   (LIVE Optimeering spread)
DAM spot price   : LIVE (Optimeering DAM cleared price, internal SDK)
portfolio        : REAL - 'NO1 Wind' loaded via client CSV path (windsim)
imbalance model  : normal, sigma=10% of capacity
================================================================
GROSS  | IaR =       +4,214 EUR   CIaR =       +5,244 EUR   mean =         +259 EUR
SPREAD | IaR =         +773 EUR   CIaR =         +977 EUR   mean =           -6 EUR
================================================================
IaR = worst-case settlement cost at the confidence level (positive = cost).
CIaR = average cost in the worst (1 - confidence) tail.
NOTE: spread + DAM spot LIVE; positions/generation REAL (windsim) when loaded; only the imbalance sigma remains a parametric stub (calibrated in Week 3).
================================================================
[stored] SimulationRun #25 (portfolio #1) + 2 IaRResult rows -> C:\Users\sebastian.lopez\OneDrive - Volue AS\Documents\Code\IAR MVP\data\iar.db
[alerts] no limit breaches
================================================================
Realised cost (3.1) | area=NO1 portfolio='NO1 Wind' (#1)
stored: DAMPrice=192 rows, ActualImbalancePrice=189 rows -> C:\Users\sebastian.lopez\OneDrive - Volue AS\Documents\Code\IAR MVP\data\iar.db
================================================================
settled MTUs : 189  (2026-06-09 12:30 .. 2026-06-11 11:30 UTC)
Realised GROSS  cost :       -1,676 EUR
Realised SPREAD cost :         +100 EUR
================================================================
Per-MTU head (positive = cost):
                timestamp  imbalance_mwh  actual_imbalance_price  gross_cost  spread_cost
2026-06-09 12:30:00+00:00         0.3783                   29.69   11.231727    -0.139971
2026-06-09 12:45:00+00:00         0.3448                   25.00    8.620000    -1.810200
2026-06-09 13:00:00+00:00         0.2209                   22.00    4.859800    -1.186233
2026-06-09 13:15:00+00:00         0.2005                   24.00    4.812000    -1.445605
2026-06-09 13:30:00+00:00         0.3194                   32.60   10.412440    -0.031940
2026-06-09 13:45:00+00:00         0.4058                   47.92   19.445936     0.000000
2026-06-09 14:00:00+00:00         0.3708                   22.10    8.194680    -0.011124
2026-06-09 14:15:00+00:00         0.2950                   25.37    7.484150    -1.831950
================================================================
Sign convention: imbalance = DAM position - actual delivery; positive cost = bad. Feeds the 3.3 backtest (iar.risk.backtest.run_backtest).
================================================================
IaR Monte Carlo  |  area=NO2  MTUs=135  scenarios=10,000  confidence=95%
forecast vintage : 2026-06-11T12:07:58.058021+00:00   (LIVE Optimeering spread)
DAM spot price   : LIVE (Optimeering DAM cleared price, internal SDK)
portfolio        : REAL - 'NO2 Wind' loaded via client CSV path (windsim)
imbalance model  : normal, sigma=10% of capacity
================================================================
GROSS  | IaR =       +4,619 EUR   CIaR =       +5,770 EUR   mean =         +270 EUR
SPREAD | IaR =         +817 EUR   CIaR =       +1,034 EUR   mean =          -36 EUR
================================================================
IaR = worst-case settlement cost at the confidence level (positive = cost).
CIaR = average cost in the worst (1 - confidence) tail.
NOTE: spread + DAM spot LIVE; positions/generation REAL (windsim) when loaded; only the imbalance sigma remains a parametric stub (calibrated in Week 3).
================================================================
[stored] SimulationRun #26 (portfolio #2) + 2 IaRResult rows -> C:\Users\sebastian.lopez\OneDrive - Volue AS\Documents\Code\IAR MVP\data\iar.db
[alerts] no limit breaches
================================================================
Realised cost (3.1) | area=NO2 portfolio='NO2 Wind' (#2)
stored: DAMPrice=192 rows, ActualImbalancePrice=189 rows -> C:\Users\sebastian.lopez\OneDrive - Volue AS\Documents\Code\IAR MVP\data\iar.db
================================================================
settled MTUs : 189  (2026-06-09 12:30 .. 2026-06-11 11:30 UTC)
Realised GROSS  cost :       -2,009 EUR
Realised SPREAD cost :          -32 EUR
================================================================
Per-MTU head (positive = cost):
                timestamp  imbalance_mwh  actual_imbalance_price  gross_cost  spread_cost
2026-06-09 12:30:00+00:00         0.3783                   29.69   11.231727    -0.219414
2026-06-09 12:45:00+00:00         0.3448                   25.00    8.620000    -1.886056
2026-06-09 13:00:00+00:00         0.2209                   22.00    4.859800    -1.186233
2026-06-09 13:15:00+00:00         0.2005                   24.00    4.812000    -1.483700
2026-06-09 13:30:00+00:00         0.3194                   32.60   10.412440    -0.111790
2026-06-09 13:45:00+00:00         0.4058                   48.31   19.604198    -0.016232
2026-06-09 14:00:00+00:00         0.3708                   22.10    8.194680    -0.022248
2026-06-09 14:15:00+00:00         0.2950                   25.37    7.484150    -1.896850
================================================================
Sign convention: imbalance = DAM position - actual delivery; positive cost = bad. Feeds the 3.3 backtest (iar.risk.backtest.run_backtest).
================================================================
IaR Monte Carlo  |  area=SE3  MTUs=135  scenarios=10,000  confidence=95%
forecast vintage : 2026-06-11T12:09:21.057564+00:00   (LIVE Optimeering spread)
DAM spot price   : LIVE (Optimeering DAM cleared price, internal SDK)
portfolio        : REAL - 'SE3 Wind' loaded via client CSV path (windsim)
imbalance model  : normal, sigma=10% of capacity
================================================================
GROSS  | IaR =       +4,594 EUR   CIaR =       +5,942 EUR   mean =         -436 EUR
SPREAD | IaR =       +2,935 EUR   CIaR =       +3,831 EUR   mean =         -196 EUR
================================================================
IaR = worst-case settlement cost at the confidence level (positive = cost).
CIaR = average cost in the worst (1 - confidence) tail.
NOTE: spread + DAM spot LIVE; positions/generation REAL (windsim) when loaded; only the imbalance sigma remains a parametric stub (calibrated in Week 3).
================================================================
[stored] SimulationRun #27 (portfolio #3) + 2 IaRResult rows -> C:\Users\sebastian.lopez\OneDrive - Volue AS\Documents\Code\IAR MVP\data\iar.db
[alerts] no limit breaches
================================================================
Realised cost (3.1) | area=SE3 portfolio='SE3 Wind' (#3)
stored: DAMPrice=192 rows, ActualImbalancePrice=189 rows -> C:\Users\sebastian.lopez\OneDrive - Volue AS\Documents\Code\IAR MVP\data\iar.db
================================================================
settled MTUs : 189  (2026-06-09 12:30 .. 2026-06-11 11:30 UTC)
Realised GROSS  cost :         -668 EUR
Realised SPREAD cost :         +567 EUR
================================================================
Per-MTU head (positive = cost):
                timestamp  imbalance_mwh  actual_imbalance_price  gross_cost  spread_cost
2026-06-09 12:30:00+00:00         0.3783                   40.54   15.336282     3.344172
2026-06-09 12:45:00+00:00         0.3448                   25.00    8.620000    -2.382568
2026-06-09 13:00:00+00:00         0.2209                   22.00    4.859800    -1.186233
2026-06-09 13:15:00+00:00         0.2005                   24.00    4.812000    -1.746355
2026-06-09 13:30:00+00:00         0.3194                   59.10   18.876540     7.806136
2026-06-09 13:45:00+00:00         0.4058                   78.90   32.017620    11.171674
2026-06-09 14:00:00+00:00         0.3708                   22.10    8.194680    -0.144612
2026-06-09 14:15:00+00:00         0.2950                   25.37    7.484150    -2.566500
================================================================
Sign convention: imbalance = DAM position - actual delivery; positive cost = bad. Feeds the 3.3 backtest (iar.risk.backtest.run_backtest).
================================================================
IaR backtest (3.3) | area=NO1 portfolio='NO1 Wind' (#1)
================================================================
----------------------------------------------------------------
basis: GROSS  (confidence n/a)
  no settled periods to compare yet — load realised prices (load_actuals.py) and backfill estimates (backfill_iar.py).
----------------------------------------------------------------
basis: SPREAD  (confidence n/a)
  no settled periods to compare yet — load realised prices (load_actuals.py) and backfill estimates (backfill_iar.py).
================================================================
stored -> C:\Users\sebastian.lopez\OneDrive - Volue AS\Documents\Code\IAR MVP\data\iar.db  (read back via iar.risk.backtest.load_performance_records)
note: with --basis both, only GROSS records were persisted (HistoricalPerformanceRecord has no basis column).
================================================================
IaR backtest (3.3) | area=NO2 portfolio='NO2 Wind' (#2)
================================================================
----------------------------------------------------------------
basis: GROSS  (confidence 95%)
    period iar_estimate realised_cost exceeded
2026-06-09        5,902           685   within
2026-06-10        3,281          -859   within
2026-06-11        1,154        -1,835   within
----------------------------------------------------------------
exceedances    : 0 / 3  (observed 0%, expected ~5%)
Kupiec POF     : LR=0.308  p-value=0.579  ->  CALIBRATED (alpha=5%)
records        : persisted
----------------------------------------------------------------
basis: SPREAD  (confidence 95%)
    period iar_estimate realised_cost exceeded
2026-06-09          697          -110   within
2026-06-10          934           122   within
2026-06-11          594           -44   within
----------------------------------------------------------------
exceedances    : 0 / 3  (observed 0%, expected ~5%)
Kupiec POF     : LR=0.308  p-value=0.579  ->  CALIBRATED (alpha=5%)
records        : NOT persisted (only the first basis persists with --basis both)
================================================================
stored -> C:\Users\sebastian.lopez\OneDrive - Volue AS\Documents\Code\IAR MVP\data\iar.db  (read back via iar.risk.backtest.load_performance_records)
note: with --basis both, only GROSS records were persisted (HistoricalPerformanceRecord has no basis column).
================================================================
IaR backtest (3.3) | area=SE3 portfolio='SE3 Wind' (#3)
================================================================
----------------------------------------------------------------
basis: GROSS  (confidence 95%)
    period iar_estimate realised_cost exceeded
2026-06-09        6,397         1,073   within
2026-06-10        3,880          -264   within
2026-06-11        1,665        -1,476   within
----------------------------------------------------------------
exceedances    : 0 / 3  (observed 0%, expected ~5%)
Kupiec POF     : LR=0.308  p-value=0.579  ->  CALIBRATED (alpha=5%)
records        : persisted
----------------------------------------------------------------
basis: SPREAD  (confidence 95%)
    period iar_estimate realised_cost exceeded
2026-06-09        2,156           367   within
2026-06-10        3,033           301   within
2026-06-11        2,002          -101   within
----------------------------------------------------------------
exceedances    : 0 / 3  (observed 0%, expected ~5%)
Kupiec POF     : LR=0.308  p-value=0.579  ->  CALIBRATED (alpha=5%)
records        : NOT persisted (only the first basis persists with --basis both)
================================================================
stored -> C:\Users\sebastian.lopez\OneDrive - Volue AS\Documents\Code\IAR MVP\data\iar.db  (read back via iar.risk.backtest.load_performance_records)
note: with --basis both, only GROSS records were persisted (HistoricalPerformanceRecord has no basis column).
[refresh] 2026-06-11T12:15:02.307188+00:00  mode=fast  areas=['NO1', 'NO2', 'SE3']
--- NO1: live IaR ---
--- NO1: realised prices ---
--- NO2: live IaR ---
--- NO2: realised prices ---
--- SE3: live IaR ---
--- SE3: realised prices ---
--- NO1: backtest ---
--- NO2: backtest ---
--- SE3: backtest ---
[refresh] done in 96s; pruned 3 stale live run(s).
================================================================
IaR Monte Carlo  |  area=NO1  MTUs=134  scenarios=10,000  confidence=95%
forecast vintage : 2026-06-11T12:22:45.139666+00:00   (LIVE Optimeering spread)
DAM spot price   : LIVE (Optimeering DAM cleared price, internal SDK)
portfolio        : REAL - 'NO1 Wind' loaded via client CSV path (windsim)
imbalance model  : normal, sigma=10% of capacity
================================================================
GROSS  | IaR =       +4,281 EUR   CIaR =       +5,267 EUR   mean =         +270 EUR
SPREAD | IaR =         +760 EUR   CIaR =         +946 EUR   mean =           -9 EUR
================================================================
IaR = worst-case settlement cost at the confidence level (positive = cost).
CIaR = average cost in the worst (1 - confidence) tail.
NOTE: spread + DAM spot LIVE; positions/generation REAL (windsim) when loaded; only the imbalance sigma remains a parametric stub (calibrated in Week 3).
================================================================
[stored] SimulationRun #28 (portfolio #1) + 2 IaRResult rows -> C:\Users\sebastian.lopez\OneDrive - Volue AS\Documents\Code\IAR MVP\data\iar.db
[alerts] no limit breaches
================================================================
Realised cost (3.1) | area=NO1 portfolio='NO1 Wind' (#1)
stored: DAMPrice=192 rows, ActualImbalancePrice=189 rows -> C:\Users\sebastian.lopez\OneDrive - Volue AS\Documents\Code\IAR MVP\data\iar.db
================================================================
settled MTUs : 189  (2026-06-09 12:45 .. 2026-06-11 11:45 UTC)
Realised GROSS  cost :       -1,703 EUR
Realised SPREAD cost :         +102 EUR
================================================================
Per-MTU head (positive = cost):
                timestamp  imbalance_mwh  actual_imbalance_price  gross_cost  spread_cost
2026-06-09 12:45:00+00:00         0.3448                   25.00    8.620000    -1.810200
2026-06-09 13:00:00+00:00         0.2209                   22.00    4.859800    -1.186233
2026-06-09 13:15:00+00:00         0.2005                   24.00    4.812000    -1.445605
2026-06-09 13:30:00+00:00         0.3194                   32.60   10.412440    -0.031940
2026-06-09 13:45:00+00:00         0.4058                   47.92   19.445936     0.000000
2026-06-09 14:00:00+00:00         0.3708                   22.10    8.194680    -0.011124
2026-06-09 14:15:00+00:00         0.2950                   25.37    7.484150    -1.831950
2026-06-09 14:30:00+00:00         0.2614                   38.35   10.024690    -0.920128
================================================================
Sign convention: imbalance = DAM position - actual delivery; positive cost = bad. Feeds the 3.3 backtest (iar.risk.backtest.run_backtest).
================================================================
IaR Monte Carlo  |  area=NO2  MTUs=134  scenarios=10,000  confidence=95%
forecast vintage : 2026-06-11T12:22:48.975236+00:00   (LIVE Optimeering spread)
DAM spot price   : LIVE (Optimeering DAM cleared price, internal SDK)
portfolio        : REAL - 'NO2 Wind' loaded via client CSV path (windsim)
imbalance model  : normal, sigma=10% of capacity
================================================================
GROSS  | IaR =       +4,753 EUR   CIaR =       +5,809 EUR   mean =         +293 EUR
SPREAD | IaR =         +833 EUR   CIaR =       +1,083 EUR   mean =          -30 EUR
================================================================
IaR = worst-case settlement cost at the confidence level (positive = cost).
CIaR = average cost in the worst (1 - confidence) tail.
NOTE: spread + DAM spot LIVE; positions/generation REAL (windsim) when loaded; only the imbalance sigma remains a parametric stub (calibrated in Week 3).
================================================================
[stored] SimulationRun #29 (portfolio #2) + 2 IaRResult rows -> C:\Users\sebastian.lopez\OneDrive - Volue AS\Documents\Code\IAR MVP\data\iar.db
[alerts] no limit breaches
================================================================
Realised cost (3.1) | area=NO2 portfolio='NO2 Wind' (#2)
stored: DAMPrice=192 rows, ActualImbalancePrice=189 rows -> C:\Users\sebastian.lopez\OneDrive - Volue AS\Documents\Code\IAR MVP\data\iar.db
================================================================
settled MTUs : 189  (2026-06-09 12:45 .. 2026-06-11 11:45 UTC)
Realised GROSS  cost :       -2,037 EUR
Realised SPREAD cost :          -31 EUR
================================================================
Per-MTU head (positive = cost):
                timestamp  imbalance_mwh  actual_imbalance_price  gross_cost  spread_cost
2026-06-09 12:45:00+00:00         0.3448                   25.00    8.620000    -1.886056
2026-06-09 13:00:00+00:00         0.2209                   22.00    4.859800    -1.186233
2026-06-09 13:15:00+00:00         0.2005                   24.00    4.812000    -1.483700
2026-06-09 13:30:00+00:00         0.3194                   32.60   10.412440    -0.111790
2026-06-09 13:45:00+00:00         0.4058                   48.31   19.604198    -0.016232
2026-06-09 14:00:00+00:00         0.3708                   22.10    8.194680    -0.022248
2026-06-09 14:15:00+00:00         0.2950                   25.37    7.484150    -1.896850
2026-06-09 14:30:00+00:00         0.2614                   38.35   10.024690    -0.943654
================================================================
Sign convention: imbalance = DAM position - actual delivery; positive cost = bad. Feeds the 3.3 backtest (iar.risk.backtest.run_backtest).
================================================================
IaR Monte Carlo  |  area=SE3  MTUs=134  scenarios=10,000  confidence=95%
forecast vintage : 2026-06-11T12:22:10.018884+00:00   (LIVE Optimeering spread)
DAM spot price   : LIVE (Optimeering DAM cleared price, internal SDK)
portfolio        : REAL - 'SE3 Wind' loaded via client CSV path (windsim)
imbalance model  : normal, sigma=10% of capacity
================================================================
GROSS  | IaR =       +4,628 EUR   CIaR =       +5,946 EUR   mean =         -397 EUR
SPREAD | IaR =       +2,892 EUR   CIaR =       +3,782 EUR   mean =         -168 EUR
================================================================
IaR = worst-case settlement cost at the confidence level (positive = cost).
CIaR = average cost in the worst (1 - confidence) tail.
NOTE: spread + DAM spot LIVE; positions/generation REAL (windsim) when loaded; only the imbalance sigma remains a parametric stub (calibrated in Week 3).
================================================================
[stored] SimulationRun #30 (portfolio #3) + 2 IaRResult rows -> C:\Users\sebastian.lopez\OneDrive - Volue AS\Documents\Code\IAR MVP\data\iar.db
[alerts] no limit breaches
================================================================
Realised cost (3.1) | area=SE3 portfolio='SE3 Wind' (#3)
stored: DAMPrice=192 rows, ActualImbalancePrice=189 rows -> C:\Users\sebastian.lopez\OneDrive - Volue AS\Documents\Code\IAR MVP\data\iar.db
================================================================
settled MTUs : 189  (2026-06-09 12:45 .. 2026-06-11 11:45 UTC)
Realised GROSS  cost :         -699 EUR
Realised SPREAD cost :         +565 EUR
================================================================
Per-MTU head (positive = cost):
                timestamp  imbalance_mwh  actual_imbalance_price  gross_cost  spread_cost
2026-06-09 12:45:00+00:00         0.3448                   25.00     8.62000    -2.382568
2026-06-09 13:00:00+00:00         0.2209                   22.00     4.85980    -1.186233
2026-06-09 13:15:00+00:00         0.2005                   24.00     4.81200    -1.746355
2026-06-09 13:30:00+00:00         0.3194                   59.10    18.87654     7.806136
2026-06-09 13:45:00+00:00         0.4058                   78.90    32.01762    11.171674
2026-06-09 14:00:00+00:00         0.3708                   22.10     8.19468    -0.144612
2026-06-09 14:15:00+00:00         0.2950                   25.37     7.48415    -2.566500
2026-06-09 14:30:00+00:00         0.2614                   38.35    10.02469    -1.205054
================================================================
Sign convention: imbalance = DAM position - actual delivery; positive cost = bad. Feeds the 3.3 backtest (iar.risk.backtest.run_backtest).
================================================================
IaR backtest (3.3) | area=NO1 portfolio='NO1 Wind' (#1)
================================================================
----------------------------------------------------------------
basis: GROSS  (confidence n/a)
  no settled periods to compare yet — load realised prices (load_actuals.py) and backfill estimates (backfill_iar.py).
----------------------------------------------------------------
basis: SPREAD  (confidence n/a)
  no settled periods to compare yet — load realised prices (load_actuals.py) and backfill estimates (backfill_iar.py).
================================================================
stored -> C:\Users\sebastian.lopez\OneDrive - Volue AS\Documents\Code\IAR MVP\data\iar.db  (read back via iar.risk.backtest.load_performance_records)
note: with --basis both, only GROSS records were persisted (HistoricalPerformanceRecord has no basis column).
================================================================
IaR backtest (3.3) | area=NO2 portfolio='NO2 Wind' (#2)
================================================================
----------------------------------------------------------------
basis: GROSS  (confidence 95%)
    period iar_estimate realised_cost exceeded
2026-06-09        5,902           674   within
2026-06-10        3,281          -859   within
2026-06-11        1,154        -1,852   within
----------------------------------------------------------------
exceedances    : 0 / 3  (observed 0%, expected ~5%)
Kupiec POF     : LR=0.308  p-value=0.579  ->  CALIBRATED (alpha=5%)
records        : persisted
----------------------------------------------------------------
basis: SPREAD  (confidence 95%)
    period iar_estimate realised_cost exceeded
2026-06-09          697          -110   within
2026-06-10          934           122   within
2026-06-11          594           -43   within
----------------------------------------------------------------
exceedances    : 0 / 3  (observed 0%, expected ~5%)
Kupiec POF     : LR=0.308  p-value=0.579  ->  CALIBRATED (alpha=5%)
records        : NOT persisted (only the first basis persists with --basis both)
================================================================
stored -> C:\Users\sebastian.lopez\OneDrive - Volue AS\Documents\Code\IAR MVP\data\iar.db  (read back via iar.risk.backtest.load_performance_records)
note: with --basis both, only GROSS records were persisted (HistoricalPerformanceRecord has no basis column).
================================================================
IaR backtest (3.3) | area=SE3 portfolio='SE3 Wind' (#3)
================================================================
----------------------------------------------------------------
basis: GROSS  (confidence 95%)
    period iar_estimate realised_cost exceeded
2026-06-09        6,397         1,057   within
2026-06-10        3,880          -264   within
2026-06-11        1,665        -1,493   within
----------------------------------------------------------------
exceedances    : 0 / 3  (observed 0%, expected ~5%)
Kupiec POF     : LR=0.308  p-value=0.579  ->  CALIBRATED (alpha=5%)
records        : persisted
----------------------------------------------------------------
basis: SPREAD  (confidence 95%)
    period iar_estimate realised_cost exceeded
2026-06-09        2,156           364   within
2026-06-10        3,033           301   within
2026-06-11        2,002           -99   within
----------------------------------------------------------------
exceedances    : 0 / 3  (observed 0%, expected ~5%)
Kupiec POF     : LR=0.308  p-value=0.579  ->  CALIBRATED (alpha=5%)
records        : NOT persisted (only the first basis persists with --basis both)
================================================================
stored -> C:\Users\sebastian.lopez\OneDrive - Volue AS\Documents\Code\IAR MVP\data\iar.db  (read back via iar.risk.backtest.load_performance_records)
note: with --basis both, only GROSS records were persisted (HistoricalPerformanceRecord has no basis column).
[refresh] 2026-06-11T12:30:02.747257+00:00  mode=fast  areas=['NO1', 'NO2', 'SE3']
--- NO1: live IaR ---
--- NO1: realised prices ---
--- NO2: live IaR ---
--- NO2: realised prices ---
--- SE3: live IaR ---
--- SE3: realised prices ---
--- NO1: backtest ---
--- NO2: backtest ---
--- SE3: backtest ---
[refresh] done in 78s; pruned 3 stale live run(s).
================================================================
IaR Monte Carlo  |  area=NO1  MTUs=133  scenarios=10,000  confidence=95%
forecast vintage : 2026-06-11T12:37:19.283813+00:00   (LIVE Optimeering spread)
DAM spot price   : LIVE (Optimeering DAM cleared price, internal SDK)
portfolio        : REAL - 'NO1 Wind' loaded via client CSV path (windsim)
imbalance model  : normal, sigma=10% of capacity
================================================================
GROSS  | IaR =       +4,251 EUR   CIaR =       +5,262 EUR   mean =         +283 EUR
SPREAD | IaR =         +752 EUR   CIaR =         +967 EUR   mean =          -13 EUR
================================================================
IaR = worst-case settlement cost at the confidence level (positive = cost).
CIaR = average cost in the worst (1 - confidence) tail.
NOTE: spread + DAM spot LIVE; positions/generation REAL (windsim) when loaded; only the imbalance sigma remains a parametric stub (calibrated in Week 3).
================================================================
[stored] SimulationRun #31 (portfolio #1) + 2 IaRResult rows -> C:\Users\sebastian.lopez\OneDrive - Volue AS\Documents\Code\IAR MVP\data\iar.db
[alerts] no limit breaches
================================================================
Realised cost (3.1) | area=NO1 portfolio='NO1 Wind' (#1)
stored: DAMPrice=192 rows, ActualImbalancePrice=188 rows -> C:\Users\sebastian.lopez\OneDrive - Volue AS\Documents\Code\IAR MVP\data\iar.db
================================================================
settled MTUs : 188  (2026-06-09 13:00 .. 2026-06-11 11:45 UTC)
Realised GROSS  cost :       -1,712 EUR
Realised SPREAD cost :         +103 EUR
================================================================
Per-MTU head (positive = cost):
                timestamp  imbalance_mwh  actual_imbalance_price  gross_cost  spread_cost
2026-06-09 13:00:00+00:00         0.2209                   22.00    4.859800    -1.186233
2026-06-09 13:15:00+00:00         0.2005                   24.00    4.812000    -1.445605
2026-06-09 13:30:00+00:00         0.3194                   32.60   10.412440    -0.031940
2026-06-09 13:45:00+00:00         0.4058                   47.92   19.445936     0.000000
2026-06-09 14:00:00+00:00         0.3708                   22.10    8.194680    -0.011124
2026-06-09 14:15:00+00:00         0.2950                   25.37    7.484150    -1.831950
2026-06-09 14:30:00+00:00         0.2614                   38.35   10.024690    -0.920128
2026-06-09 14:45:00+00:00         0.2366                   52.27   12.367082    -3.411772
================================================================
Sign convention: imbalance = DAM position - actual delivery; positive cost = bad. Feeds the 3.3 backtest (iar.risk.backtest.run_backtest).
================================================================
IaR Monte Carlo  |  area=NO2  MTUs=133  scenarios=10,000  confidence=95%
forecast vintage : 2026-06-11T12:37:46.465686+00:00   (LIVE Optimeering spread)
DAM spot price   : LIVE (Optimeering DAM cleared price, internal SDK)
portfolio        : REAL - 'NO2 Wind' loaded via client CSV path (windsim)
imbalance model  : normal, sigma=10% of capacity
================================================================
GROSS  | IaR =       +4,693 EUR   CIaR =       +5,797 EUR   mean =         +311 EUR
SPREAD | IaR =         +832 EUR   CIaR =       +1,077 EUR   mean =          -28 EUR
================================================================
IaR = worst-case settlement cost at the confidence level (positive = cost).
CIaR = average cost in the worst (1 - confidence) tail.
NOTE: spread + DAM spot LIVE; positions/generation REAL (windsim) when loaded; only the imbalance sigma remains a parametric stub (calibrated in Week 3).
================================================================
[stored] SimulationRun #32 (portfolio #2) + 2 IaRResult rows -> C:\Users\sebastian.lopez\OneDrive - Volue AS\Documents\Code\IAR MVP\data\iar.db
[alerts] no limit breaches
================================================================
Realised cost (3.1) | area=NO2 portfolio='NO2 Wind' (#2)
stored: DAMPrice=192 rows, ActualImbalancePrice=188 rows -> C:\Users\sebastian.lopez\OneDrive - Volue AS\Documents\Code\IAR MVP\data\iar.db
================================================================
settled MTUs : 188  (2026-06-09 13:00 .. 2026-06-11 11:45 UTC)
Realised GROSS  cost :       -2,046 EUR
Realised SPREAD cost :          -29 EUR
================================================================
Per-MTU head (positive = cost):
                timestamp  imbalance_mwh  actual_imbalance_price  gross_cost  spread_cost
2026-06-09 13:00:00+00:00         0.2209                   22.00    4.859800    -1.186233
2026-06-09 13:15:00+00:00         0.2005                   24.00    4.812000    -1.483700
2026-06-09 13:30:00+00:00         0.3194                   32.60   10.412440    -0.111790
2026-06-09 13:45:00+00:00         0.4058                   48.31   19.604198    -0.016232
2026-06-09 14:00:00+00:00         0.3708                   22.10    8.194680    -0.022248
2026-06-09 14:15:00+00:00         0.2950                   25.37    7.484150    -1.896850
2026-06-09 14:30:00+00:00         0.2614                   38.35   10.024690    -0.943654
2026-06-09 14:45:00+00:00         0.2366                   52.27   12.367082    -3.575026
================================================================
Sign convention: imbalance = DAM position - actual delivery; positive cost = bad. Feeds the 3.3 backtest (iar.risk.backtest.run_backtest).
================================================================
IaR Monte Carlo  |  area=SE3  MTUs=133  scenarios=10,000  confidence=95%
forecast vintage : 2026-06-11T12:38:44.603005+00:00   (LIVE Optimeering spread)
DAM spot price   : LIVE (Optimeering DAM cleared price, internal SDK)
portfolio        : REAL - 'SE3 Wind' loaded via client CSV path (windsim)
imbalance model  : normal, sigma=10% of capacity
================================================================
GROSS  | IaR =       +4,447 EUR   CIaR =       +5,657 EUR   mean =         -344 EUR
SPREAD | IaR =       +2,824 EUR   CIaR =       +3,673 EUR   mean =         -145 EUR
================================================================
IaR = worst-case settlement cost at the confidence level (positive = cost).
CIaR = average cost in the worst (1 - confidence) tail.
NOTE: spread + DAM spot LIVE; positions/generation REAL (windsim) when loaded; only the imbalance sigma remains a parametric stub (calibrated in Week 3).
================================================================
[stored] SimulationRun #33 (portfolio #3) + 2 IaRResult rows -> C:\Users\sebastian.lopez\OneDrive - Volue AS\Documents\Code\IAR MVP\data\iar.db
[alerts] no limit breaches
